<?xml version="1.0" encoding="UTF-8"?>
<!-- Generated by org.testng.reporters.JUnitReportReporter -->
<testsuite hostname="Raghu" failures="0" tests="3" name="com.freecrm.qa.testpages.HomePageTest" time="58.632" errors="0" timestamp="13 Mar 2020 11:01:09 GMT" skipped="0">
  <testcase classname="com.freecrm.qa.testpages.HomePageTest" name="validateHomePageTitleTest" time="14.595"/>
  <testcase classname="com.freecrm.qa.testpages.HomePageTest" name="verifyUserNameTest" time="19.914"/>
  <testcase classname="com.freecrm.qa.testpages.HomePageTest" name="verifyContactsLinkTest" time="24.123"/>
</testsuite> <!-- com.freecrm.qa.testpages.HomePageTest -->
