<?xml version="1.0" encoding="UTF-8"?>
<!-- Generated by org.testng.reporters.JUnitReportReporter -->
<testsuite hostname="Raghu" failures="0" tests="2" name="com.freecrm.qa.testpages.LoginPageTest" time="36.154" errors="0" timestamp="13 Mar 2020 06:08:29 GMT" skipped="0">
  <testcase classname="com.freecrm.qa.testpages.LoginPageTest" name="loginPageTitleTest" time="18.461"/>
  <testcase classname="com.freecrm.qa.testpages.LoginPageTest" name="loginTest" time="17.693"/>
</testsuite> <!-- com.freecrm.qa.testpages.LoginPageTest -->
